Command: ninja all
[1/14] Building C object esp-idf/sht31/CMakeFiles/__idf_sht31.dir/sht31.c.obj
FAILED: esp-idf/sht31/CMakeFiles/__idf_sht31.dir/sht31.c.obj 
/home/atli/.espressif/tools/xtensa-esp-elf/esp-14.2.0_20241119/xtensa-esp-elf/bin/xtensa-esp32-elf-gcc -DESP_PLATFORM -DIDF_VER=\"v5.5\" -DSOC_MMU_PAGE_SIZE=CONFIG_MMU_PAGE_SIZE -DSOC_XTAL_FREQ_MHZ=CONFIG_XTAL_FREQ -D_GLIBCXX_HAVE_POSIX_SEMAPHORE -D_GLIBCXX_USE_POSIX_SEMAPHORE -D_GNU_SOURCE -D_POSIX_READER_WRITER_LOCKS -I/home/atli/Documents/Esp32/Esp32_main/build/config -I/home/atli/Documents/Esp32/Esp32_main/components/sht31/include -I/home/atli/esp/esp-idf/components/newlib/platform_include -I/home/atli/esp/esp-idf/components/freertos/config/include -I/home/atli/esp/esp-idf/components/freertos/config/include/freertos -I/home/atli/esp/esp-idf/components/freertos/config/xtensa/include -I/home/atli/esp/esp-idf/components/freertos/FreeRTOS-Kernel/include -I/home/atli/esp/esp-idf/components/freertos/FreeRTOS-Kernel/portable/xtensa/include -I/home/atli/esp/esp-idf/components/freertos/FreeRTOS-Kernel/portable/xtensa/include/freertos -I/home/atli/esp/esp-idf/components/freertos/esp_additions/include -I/home/atli/esp/esp-idf/components/esp_hw_support/include -I/home/atli/esp/esp-idf/components/esp_hw_support/include/soc -I/home/atli/esp/esp-idf/components/esp_hw_support/include/soc/esp32 -I/home/atli/esp/esp-idf/components/esp_hw_support/dma/include -I/home/atli/esp/esp-idf/components/esp_hw_support/ldo/include -I/home/atli/esp/esp-idf/components/esp_hw_support/debug_probe/include -I/home/atli/esp/esp-idf/components/esp_hw_support/mspi_timing_tuning/include -I/home/atli/esp/esp-idf/components/esp_hw_support/mspi_timing_tuning/tuning_scheme_impl/include -I/home/atli/esp/esp-idf/components/esp_hw_support/power_supply/include -I/home/atli/esp/esp-idf/components/esp_hw_support/port/esp32/. -I/home/atli/esp/esp-idf/components/esp_hw_support/port/esp32/include -I/home/atli/esp/esp-idf/components/heap/include -I/home/atli/esp/esp-idf/components/heap/tlsf -I/home/atli/esp/esp-idf/components/log/include -I/home/atli/esp/esp-idf/components/soc/include -I/home/atli/esp/esp-idf/components/soc/esp32 -I/home/atli/esp/esp-idf/components/soc/esp32/include -I/home/atli/esp/esp-idf/components/soc/esp32/register -I/home/atli/esp/esp-idf/components/hal/platform_port/include -I/home/atli/esp/esp-idf/components/hal/esp32/include -I/home/atli/esp/esp-idf/components/hal/include -I/home/atli/esp/esp-idf/components/esp_rom/include -I/home/atli/esp/esp-idf/components/esp_rom/esp32/include -I/home/atli/esp/esp-idf/components/esp_rom/esp32/include/esp32 -I/home/atli/esp/esp-idf/components/esp_rom/esp32 -I/home/atli/esp/esp-idf/components/esp_common/include -I/home/atli/esp/esp-idf/components/esp_system/include -I/home/atli/esp/esp-idf/components/esp_system/port/soc -I/home/atli/esp/esp-idf/components/esp_system/port/include/private -I/home/atli/esp/esp-idf/components/xtensa/esp32/include -I/home/atli/esp/esp-idf/components/xtensa/include -I/home/atli/esp/esp-idf/components/xtensa/deprecated_include -I/home/atli/esp/esp-idf/components/lwip/include -I/home/atli/esp/esp-idf/components/lwip/include/apps -I/home/atli/esp/esp-idf/components/lwip/include/apps/sntp -I/home/atli/esp/esp-idf/components/lwip/lwip/src/include -I/home/atli/esp/esp-idf/components/lwip/port/include -I/home/atli/esp/esp-idf/components/lwip/port/freertos/include -I/home/atli/esp/esp-idf/components/lwip/port/esp32xx/include -I/home/atli/esp/esp-idf/components/lwip/port/esp32xx/include/arch -I/home/atli/esp/esp-idf/components/lwip/port/esp32xx/include/sys -I/home/atli/esp/esp-idf/components/driver/deprecated -I/home/atli/esp/esp-idf/components/driver/i2c/include -I/home/atli/esp/esp-idf/components/driver/touch_sensor/include -I/home/atli/esp/esp-idf/components/driver/twai/include -I/home/atli/esp/esp-idf/components/driver/touch_sensor/esp32/include -I/home/atli/esp/esp-idf/components/esp_pm/include -I/home/atli/esp/esp-idf/components/esp_ringbuf/include -I/home/atli/esp/esp-idf/components/esp_driver_gpio/include -I/home/atli/esp/esp-idf/components/esp_driver_pcnt/include -I/home/atli/esp/esp-idf/components/esp_driver_gptimer/include -I/home/atli/esp/esp-idf/components/esp_driver_spi/include -I/home/atli/esp/esp-idf/components/esp_driver_mcpwm/include -I/home/atli/esp/esp-idf/components/esp_driver_ana_cmpr/include -I/home/atli/esp/esp-idf/components/esp_driver_i2s/include -I/home/atli/esp/esp-idf/components/esp_driver_sdmmc/include -I/home/atli/esp/esp-idf/components/sdmmc/include -I/home/atli/esp/esp-idf/components/esp_driver_sdspi/include -I/home/atli/esp/esp-idf/components/esp_driver_sdio/include -I/home/atli/esp/esp-idf/components/esp_driver_dac/include -I/home/atli/esp/esp-idf/components/esp_driver_rmt/include -I/home/atli/esp/esp-idf/components/esp_driver_tsens/include -I/home/atli/esp/esp-idf/components/esp_driver_sdm/include -I/home/atli/esp/esp-idf/components/esp_driver_i2c/include -I/home/atli/esp/esp-idf/components/esp_driver_uart/include -I/home/atli/esp/esp-idf/components/vfs/include -I/home/atli/esp/esp-idf/components/esp_driver_ledc/include -I/home/atli/esp/esp-idf/components/esp_driver_parlio/include -I/home/atli/esp/esp-idf/components/esp_driver_usb_serial_jtag/include -I/home/atli/esp/esp-idf/components/esp_driver_twai/include -mlongcalls -Wno-frame-address  -fno-builtin-memcpy -fno-builtin-memset -fno-builtin-bzero -fno-builtin-stpcpy -fno-builtin-strncpy -fdiagnostics-color=always -ffunction-sections -fdata-sections -Wall -Werror=all -Wno-error=unused-function -Wno-error=unused-variable -Wno-error=unused-but-set-variable -Wno-error=deprecated-declarations -Wextra -Wno-error=extra -Wno-unused-parameter -Wno-sign-compare -Wno-enum-conversion -gdwarf-4 -ggdb -Og -fno-shrink-wrap -fmacro-prefix-map=/home/atli/Documents/Esp32/Esp32_main=. -fmacro-prefix-map=/home/atli/esp/esp-idf=/IDF -fstrict-volatile-bitfields -fno-jump-tables -fno-tree-switch-conversion -std=gnu17 -Wno-old-style-declaration -MD -MT esp-idf/sht31/CMakeFiles/__idf_sht31.dir/sht31.c.obj -MF esp-idf/sht31/CMakeFiles/__idf_sht31.dir/sht31.c.obj.d -o esp-idf/sht31/CMakeFiles/__idf_sht31.dir/sht31.c.obj -c /home/atli/Documents/Esp32/Esp32_main/components/sht31/sht31.c
/home/atli/Documents/Esp32/Esp32_main/components/sht31/sht31.c:10:61: error: 'temp_raw' undeclared here (not in a function)
   10 | static uint8_t     *temperature = -45.0f + 175.0f * ((float)temp_raw / 65535.0f);
      |                                                             ^~~~~~~~
/home/atli/Documents/Esp32/Esp32_main/components/sht31/sht31.c:11:5: warning: data definition has no type or storage class
   11 |     *humidity = 100.0f * ((float)hum_raw / 65535.0f);
      |     ^
/home/atli/Documents/Esp32/Esp32_main/components/sht31/sht31.c:11:6: error: type defaults to 'int' in declaration of 'humidity' [-Wimplicit-int]
   11 |     *humidity = 100.0f * ((float)hum_raw / 65535.0f);
      |      ^~~~~~~~
/home/atli/Documents/Esp32/Esp32_main/components/sht31/sht31.c:11:34: error: 'hum_raw' undeclared here (not in a function)
   11 |     *humidity = 100.0f * ((float)hum_raw / 65535.0f);
      |                                  ^~~~~~~
/home/atli/Documents/Esp32/Esp32_main/components/sht31/sht31.c:14:5: error: expected identifier or '(' before 'if'
   14 |     if (*humidity > 100.0f) *humidity = 100.0f;
      |     ^~
/home/atli/Documents/Esp32/Esp32_main/components/sht31/sht31.c:15:5: error: expected identifier or '(' before 'if'
   15 |     if (*humidity < 0.0f) *humidity = 0.0f;
      |     ^~
In file included from /home/atli/Documents/Esp32/Esp32_main/components/sht31/sht31.c:2:
/home/atli/esp/esp-idf/components/log/include/esp_log.h:129:36: error: expected identifier or '(' before 'do'
  129 | #define ESP_LOGD(tag, format, ...) do { ESP_LOG_LEVEL_LOCAL(ESP_LOG_DEBUG, tag, format, ##__VA_ARGS__); } while(0)
      |                                    ^~
/home/atli/Documents/Esp32/Esp32_main/components/sht31/sht31.c:17:5: note: in expansion of macro 'ESP_LOGD'
   17 |     ESP_LOGD(TAG, "Temperature: %.2f°C, Humidity: %.2f%%", *temperature, *humidity);c8(const uint8_t *data, size_t len) {
      |     ^~~~~~~~
/home/atli/esp/esp-idf/components/log/include/esp_log.h:129:107: error: expected identifier or '(' before 'while'
  129 | #define ESP_LOGD(tag, format, ...) do { ESP_LOG_LEVEL_LOCAL(ESP_LOG_DEBUG, tag, format, ##__VA_ARGS__); } while(0)
      |                                                                                                           ^~~~~
/home/atli/Documents/Esp32/Esp32_main/components/sht31/sht31.c:17:5: note: in expansion of macro 'ESP_LOGD'
   17 |     ESP_LOGD(TAG, "Temperature: %.2f°C, Humidity: %.2f%%", *temperature, *humidity);c8(const uint8_t *data, size_t len) {
      |     ^~~~~~~~
/home/atli/Documents/Esp32/Esp32_main/components/sht31/sht31.c:17:85: error: return type defaults to 'int' [-Wimplicit-int]
   17 |     ESP_LOGD(TAG, "Temperature: %.2f°C, Humidity: %.2f%%", *temperature, *humidity);c8(const uint8_t *data, size_t len) {
      |                                                                                     ^~
/home/atli/Documents/Esp32/Esp32_main/components/sht31/sht31.c: In function 'sht31_read_temperature_humidity':
/home/atli/Documents/Esp32/Esp32_main/components/sht31/sht31.c:190:24: error: implicit declaration of function 'sht31_crc8' [-Wimplicit-function-declaration]
  190 |     uint8_t temp_crc = sht31_crc8(data, 2);
      |                        ^~~~~~~~~~
/home/atli/Documents/Esp32/Esp32_main/components/sht31/sht31.c:208:8: error: 'sht31_t' has no member named 'temperature'
  208 |     dev->temperature = -45.0f + 175.0f * ((float)temp_raw / 65535.0f);
      |        ^~
/home/atli/Documents/Esp32/Esp32_main/components/sht31/sht31.c:209:8: error: 'sht31_t' has no member named 'humidity'
  209 |     dev->humidity = 100.0f * ((float)hum_raw / 65535.0f);
      |        ^~
/home/atli/Documents/Esp32/Esp32_main/components/sht31/sht31.c:212:12: error: 'sht31_t' has no member named 'humidity'
  212 |     if (dev->humidity > 100.0f) dev->humidity = 100.0f;
      |            ^~
/home/atli/Documents/Esp32/Esp32_main/components/sht31/sht31.c:212:36: error: 'sht31_t' has no member named 'humidity'
  212 |     if (dev->humidity > 100.0f) dev->humidity = 100.0f;
      |                                    ^~
/home/atli/Documents/Esp32/Esp32_main/components/sht31/sht31.c:213:12: error: 'sht31_t' has no member named 'humidity'
  213 |     if (dev->humidity < 0.0f) dev->humidity = 0.0f;
      |            ^~
/home/atli/Documents/Esp32/Esp32_main/components/sht31/sht31.c:213:34: error: 'sht31_t' has no member named 'humidity'
  213 |     if (dev->humidity < 0.0f) dev->humidity = 0.0f;
      |                                  ^~
/home/atli/Documents/Esp32/Esp32_main/components/sht31/sht31.c:215:63: error: 'sht31_t' has no member named 'temperature'
  215 |     ESP_LOGD(TAG, "Temperature: %.2f°C, Humidity: %.2f%%", dev->temperature, dev->humidity);
      |                                                               ^~
/home/atli/esp/esp-idf/components/log/include/esp_log.h:220:167: note: in definition of macro 'ESP_LOG_LEVEL'
  220 |         if (ESP_LOG_GET_LEVEL(configs)==ESP_LOG_ERROR)        { esp_log(ESP_LOG_CONFIG_INIT(ESP_LOG_ERROR),   tag, LOG_FORMAT(E, format), esp_log_timestamp(), tag, ##__VA_ARGS__); } \
      |                                                                                                                                                                       ^~~~~~~~~~~
/home/atli/esp/esp-idf/components/log/include/esp_log.h:129:41: note: in expansion of macro 'ESP_LOG_LEVEL_LOCAL'
  129 | #define ESP_LOGD(tag, format, ...) do { ESP_LOG_LEVEL_LOCAL(ESP_LOG_DEBUG, tag, format, ##__VA_ARGS__); } while(0)
      |                                         ^~~~~~~~~~~~~~~~~~~
/home/atli/Documents/Esp32/Esp32_main/components/sht31/sht31.c:215:5: note: in expansion of macro 'ESP_LOGD'
  215 |     ESP_LOGD(TAG, "Temperature: %.2f°C, Humidity: %.2f%%", dev->temperature, dev->humidity);
      |     ^~~~~~~~
/home/atli/Documents/Esp32/Esp32_main/components/sht31/sht31.c:215:81: error: 'sht31_t' has no member named 'humidity'
  215 |     ESP_LOGD(TAG, "Temperature: %.2f°C, Humidity: %.2f%%", dev->temperature, dev->humidity);
      |                                                                                 ^~
/home/atli/esp/esp-idf/components/log/include/esp_log.h:220:167: note: in definition of macro 'ESP_LOG_LEVEL'
  220 |         if (ESP_LOG_GET_LEVEL(configs)==ESP_LOG_ERROR)        { esp_log(ESP_LOG_CONFIG_INIT(ESP_LOG_ERROR),   tag, LOG_FORMAT(E, format), esp_log_timestamp(), tag, ##__VA_ARGS__); } \
      |                                                                                                                                                                       ^~~~~~~~~~~
/home/atli/esp/esp-idf/components/log/include/esp_log.h:129:41: note: in expansion of macro 'ESP_LOG_LEVEL_LOCAL'
  129 | #define ESP_LOGD(tag, format, ...) do { ESP_LOG_LEVEL_LOCAL(ESP_LOG_DEBUG, tag, format, ##__VA_ARGS__); } while(0)
      |                                         ^~~~~~~~~~~~~~~~~~~
/home/atli/Documents/Esp32/Esp32_main/components/sht31/sht31.c:215:5: note: in expansion of macro 'ESP_LOGD'
  215 |     ESP_LOGD(TAG, "Temperature: %.2f°C, Humidity: %.2f%%", dev->temperature, dev->humidity);
      |     ^~~~~~~~
/home/atli/Documents/Esp32/Esp32_main/components/sht31/sht31.c:215:63: error: 'sht31_t' has no member named 'temperature'
  215 |     ESP_LOGD(TAG, "Temperature: %.2f°C, Humidity: %.2f%%", dev->temperature, dev->humidity);
      |                                                               ^~
/home/atli/esp/esp-idf/components/log/include/esp_log.h:221:167: note: in definition of macro 'ESP_LOG_LEVEL'
  221 |         else if (ESP_LOG_GET_LEVEL(configs)==ESP_LOG_WARN)    { esp_log(ESP_LOG_CONFIG_INIT(ESP_LOG_WARN),    tag, LOG_FORMAT(W, format), esp_log_timestamp(), tag, ##__VA_ARGS__); } \
      |                                                                                                                                                                       ^~~~~~~~~~~
/home/atli/esp/esp-idf/components/log/include/esp_log.h:129:41: note: in expansion of macro 'ESP_LOG_LEVEL_LOCAL'
  129 | #define ESP_LOGD(tag, format, ...) do { ESP_LOG_LEVEL_LOCAL(ESP_LOG_DEBUG, tag, format, ##__VA_ARGS__); } while(0)
      |                                         ^~~~~~~~~~~~~~~~~~~
/home/atli/Documents/Esp32/Esp32_main/components/sht31/sht31.c:215:5: note: in expansion of macro 'ESP_LOGD'
  215 |     ESP_LOGD(TAG, "Temperature: %.2f°C, Humidity: %.2f%%", dev->temperature, dev->humidity);
      |     ^~~~~~~~
/home/atli/Documents/Esp32/Esp32_main/components/sht31/sht31.c:215:81: error: 'sht31_t' has no member named 'humidity'
  215 |     ESP_LOGD(TAG, "Temperature: %.2f°C, Humidity: %.2f%%", dev->temperature, dev->humidity);
      |                                                                                 ^~
/home/atli/esp/esp-idf/components/log/include/esp_log.h:221:167: note: in definition of macro 'ESP_LOG_LEVEL'
  221 |         else if (ESP_LOG_GET_LEVEL(configs)==ESP_LOG_WARN)    { esp_log(ESP_LOG_CONFIG_INIT(ESP_LOG_WARN),    tag, LOG_FORMAT(W, format), esp_log_timestamp(), tag, ##__VA_ARGS__); } \
      |                                                                                                                                                                       ^~~~~~~~~~~
/home/atli/esp/esp-idf/components/log/include/esp_log.h:129:41: note: in expansion of macro 'ESP_LOG_LEVEL_LOCAL'
  129 | #define ESP_LOGD(tag, format, ...) do { ESP_LOG_LEVEL_LOCAL(ESP_LOG_DEBUG, tag, format, ##__VA_ARGS__); } while(0)
      |                                         ^~~~~~~~~~~~~~~~~~~
/home/atli/Documents/Esp32/Esp32_main/components/sht31/sht31.c:215:5: note: in expansion of macro 'ESP_LOGD'
  215 |     ESP_LOGD(TAG, "Temperature: %.2f°C, Humidity: %.2f%%", dev->temperature, dev->humidity);
      |     ^~~~~~~~
/home/atli/Documents/Esp32/Esp32_main/components/sht31/sht31.c:215:63: error: 'sht31_t' has no member named 'temperature'
  215 |     ESP_LOGD(TAG, "Temperature: %.2f°C, Humidity: %.2f%%", dev->temperature, dev->humidity);
      |                                                               ^~
/home/atli/esp/esp-idf/components/log/include/esp_log.h:222:167: note: in definition of macro 'ESP_LOG_LEVEL'
  222 |         else if (ESP_LOG_GET_LEVEL(configs)==ESP_LOG_DEBUG)   { esp_log(ESP_LOG_CONFIG_INIT(ESP_LOG_DEBUG),   tag, LOG_FORMAT(D, format), esp_log_timestamp(), tag, ##__VA_ARGS__); } \
      |                                                                                                                                                                       ^~~~~~~~~~~
/home/atli/esp/esp-idf/components/log/include/esp_log.h:129:41: note: in expansion of macro 'ESP_LOG_LEVEL_LOCAL'
  129 | #define ESP_LOGD(tag, format, ...) do { ESP_LOG_LEVEL_LOCAL(ESP_LOG_DEBUG, tag, format, ##__VA_ARGS__); } while(0)
      |                                         ^~~~~~~~~~~~~~~~~~~
/home/atli/Documents/Esp32/Esp32_main/components/sht31/sht31.c:215:5: note: in expansion of macro 'ESP_LOGD'
  215 |     ESP_LOGD(TAG, "Temperature: %.2f°C, Humidity: %.2f%%", dev->temperature, dev->humidity);
      |     ^~~~~~~~
/home/atli/Documents/Esp32/Esp32_main/components/sht31/sht31.c:215:81: error: 'sht31_t' has no member named 'humidity'
  215 |     ESP_LOGD(TAG, "Temperature: %.2f°C, Humidity: %.2f%%", dev->temperature, dev->humidity);
      |                                                                                 ^~
/home/atli/esp/esp-idf/components/log/include/esp_log.h:222:167: note: in definition of macro 'ESP_LOG_LEVEL'
  222 |         else if (ESP_LOG_GET_LEVEL(configs)==ESP_LOG_DEBUG)   { esp_log(ESP_LOG_CONFIG_INIT(ESP_LOG_DEBUG),   tag, LOG_FORMAT(D, format), esp_log_timestamp(), tag, ##__VA_ARGS__); } \
      |                                                                                                                                                                       ^~~~~~~~~~~
/home/atli/esp/esp-idf/components/log/include/esp_log.h:129:41: note: in expansion of macro 'ESP_LOG_LEVEL_LOCAL'
  129 | #define ESP_LOGD(tag, format, ...) do { ESP_LOG_LEVEL_LOCAL(ESP_LOG_DEBUG, tag, format, ##__VA_ARGS__); } while(0)
      |                                         ^~~~~~~~~~~~~~~~~~~
/home/atli/Documents/Esp32/Esp32_main/components/sht31/sht31.c:215:5: note: in expansion of macro 'ESP_LOGD'
  215 |     ESP_LOGD(TAG, "Temperature: %.2f°C, Humidity: %.2f%%", dev->temperature, dev->humidity);
      |     ^~~~~~~~
/home/atli/Documents/Esp32/Esp32_main/components/sht31/sht31.c:215:63: error: 'sht31_t' has no member named 'temperature'
  215 |     ESP_LOGD(TAG, "Temperature: %.2f°C, Humidity: %.2f%%", dev->temperature, dev->humidity);
      |                                                               ^~
/home/atli/esp/esp-idf/components/log/include/esp_log.h:223:167: note: in definition of macro 'ESP_LOG_LEVEL'
  223 |         else if (ESP_LOG_GET_LEVEL(configs)==ESP_LOG_VERBOSE) { esp_log(ESP_LOG_CONFIG_INIT(ESP_LOG_VERBOSE), tag, LOG_FORMAT(V, format), esp_log_timestamp(), tag, ##__VA_ARGS__); } \
      |                                                                                                                                                                       ^~~~~~~~~~~
/home/atli/esp/esp-idf/components/log/include/esp_log.h:129:41: note: in expansion of macro 'ESP_LOG_LEVEL_LOCAL'
  129 | #define ESP_LOGD(tag, format, ...) do { ESP_LOG_LEVEL_LOCAL(ESP_LOG_DEBUG, tag, format, ##__VA_ARGS__); } while(0)
      |                                         ^~~~~~~~~~~~~~~~~~~
/home/atli/Documents/Esp32/Esp32_main/components/sht31/sht31.c:215:5: note: in expansion of macro 'ESP_LOGD'
  215 |     ESP_LOGD(TAG, "Temperature: %.2f°C, Humidity: %.2f%%", dev->temperature, dev->humidity);
      |     ^~~~~~~~
/home/atli/Documents/Esp32/Esp32_main/components/sht31/sht31.c:215:81: error: 'sht31_t' has no member named 'humidity'
  215 |     ESP_LOGD(TAG, "Temperature: %.2f°C, Humidity: %.2f%%", dev->temperature, dev->humidity);
      |                                                                                 ^~
/home/atli/esp/esp-idf/components/log/include/esp_log.h:223:167: note: in definition of macro 'ESP_LOG_LEVEL'
  223 |         else if (ESP_LOG_GET_LEVEL(configs)==ESP_LOG_VERBOSE) { esp_log(ESP_LOG_CONFIG_INIT(ESP_LOG_VERBOSE), tag, LOG_FORMAT(V, format), esp_log_timestamp(), tag, ##__VA_ARGS__); } \
      |                                                                                                                                                                       ^~~~~~~~~~~
/home/atli/esp/esp-idf/components/log/include/esp_log.h:129:41: note: in expansion of macro 'ESP_LOG_LEVEL_LOCAL'
  129 | #define ESP_LOGD(tag, format, ...) do { ESP_LOG_LEVEL_LOCAL(ESP_LOG_DEBUG, tag, format, ##__VA_ARGS__); } while(0)
      |                                         ^~~~~~~~~~~~~~~~~~~
/home/atli/Documents/Esp32/Esp32_main/components/sht31/sht31.c:215:5: note: in expansion of macro 'ESP_LOGD'
  215 |     ESP_LOGD(TAG, "Temperature: %.2f°C, Humidity: %.2f%%", dev->temperature, dev->humidity);
      |     ^~~~~~~~
/home/atli/Documents/Esp32/Esp32_main/components/sht31/sht31.c:215:63: error: 'sht31_t' has no member named 'temperature'
  215 |     ESP_LOGD(TAG, "Temperature: %.2f°C, Humidity: %.2f%%", dev->temperature, dev->humidity);
      |                                                               ^~
/home/atli/esp/esp-idf/components/log/include/esp_log.h:224:167: note: in definition of macro 'ESP_LOG_LEVEL'
  224 |         else                                                  { esp_log(ESP_LOG_CONFIG_INIT(ESP_LOG_INFO),    tag, LOG_FORMAT(I, format), esp_log_timestamp(), tag, ##__VA_ARGS__); } \
      |                                                                                                                                                                       ^~~~~~~~~~~
/home/atli/esp/esp-idf/components/log/include/esp_log.h:129:41: note: in expansion of macro 'ESP_LOG_LEVEL_LOCAL'
  129 | #define ESP_LOGD(tag, format, ...) do { ESP_LOG_LEVEL_LOCAL(ESP_LOG_DEBUG, tag, format, ##__VA_ARGS__); } while(0)
      |                                         ^~~~~~~~~~~~~~~~~~~
/home/atli/Documents/Esp32/Esp32_main/components/sht31/sht31.c:215:5: note: in expansion of macro 'ESP_LOGD'
  215 |     ESP_LOGD(TAG, "Temperature: %.2f°C, Humidity: %.2f%%", dev->temperature, dev->humidity);
      |     ^~~~~~~~
/home/atli/Documents/Esp32/Esp32_main/components/sht31/sht31.c:215:81: error: 'sht31_t' has no member named 'humidity'
  215 |     ESP_LOGD(TAG, "Temperature: %.2f°C, Humidity: %.2f%%", dev->temperature, dev->humidity);
      |                                                                                 ^~
/home/atli/esp/esp-idf/components/log/include/esp_log.h:224:167: note: in definition of macro 'ESP_LOG_LEVEL'
  224 |         else                                                  { esp_log(ESP_LOG_CONFIG_INIT(ESP_LOG_INFO),    tag, LOG_FORMAT(I, format), esp_log_timestamp(), tag, ##__VA_ARGS__); } \
      |                                                                                                                                                                       ^~~~~~~~~~~
/home/atli/esp/esp-idf/components/log/include/esp_log.h:129:41: note: in expansion of macro 'ESP_LOG_LEVEL_LOCAL'
  129 | #define ESP_LOGD(tag, format, ...) do { ESP_LOG_LEVEL_LOCAL(ESP_LOG_DEBUG, tag, format, ##__VA_ARGS__); } while(0)
      |                                         ^~~~~~~~~~~~~~~~~~~
/home/atli/Documents/Esp32/Esp32_main/components/sht31/sht31.c:215:5: note: in expansion of macro 'ESP_LOGD'
  215 |     ESP_LOGD(TAG, "Temperature: %.2f°C, Humidity: %.2f%%", dev->temperature, dev->humidity);
      |     ^~~~~~~~
/home/atli/Documents/Esp32/Esp32_main/components/sht31/sht31.c: At top level:
/home/atli/Documents/Esp32/Esp32_main/components/sht31/sht31.c:10:21: warning: 'temperature' defined but not used [-Wunused-variable]
   10 | static uint8_t     *temperature = -45.0f + 175.0f * ((float)temp_raw / 65535.0f);
      |                     ^~~~~~~~~~~
[2/14] Performing build step for 'bootloader'
[1/1] cd /home/atli/Documents/Esp32/Esp32_main/build/bootloader/esp-idf/esptool_py && /home/atli/.espressif/python_env/idf5.5_py3.12_env/bin/python /home/atli/esp/esp-idf/components/partition_table/check_sizes.py --offset 0x8000 bootloader 0x1000 /home/atli/Documents/Esp32/Esp32_main/build/bootloader/bootloader.bin
Bootloader binary size 0x6680 bytes. 0x980 bytes (8%) free.
[3/14] Building C object esp-idf/sensor_manager/CMakeFiles/__idf_sensor_manager.dir/sensor_manager.c.obj
FAILED: esp-idf/sensor_manager/CMakeFiles/__idf_sensor_manager.dir/sensor_manager.c.obj 
/home/atli/.espressif/tools/xtensa-esp-elf/esp-14.2.0_20241119/xtensa-esp-elf/bin/xtensa-esp32-elf-gcc -DESP_PLATFORM -DIDF_VER=\"v5.5\" -DSOC_MMU_PAGE_SIZE=CONFIG_MMU_PAGE_SIZE -DSOC_XTAL_FREQ_MHZ=CONFIG_XTAL_FREQ -D_GLIBCXX_HAVE_POSIX_SEMAPHORE -D_GLIBCXX_USE_POSIX_SEMAPHORE -D_GNU_SOURCE -D_POSIX_READER_WRITER_LOCKS -I/home/atli/Documents/Esp32/Esp32_main/build/config -I/home/atli/Documents/Esp32/Esp32_main/components/sensor_manager/include -I/home/atli/esp/esp-idf/components/newlib/platform_include -I/home/atli/esp/esp-idf/components/freertos/config/include -I/home/atli/esp/esp-idf/components/freertos/config/include/freertos -I/home/atli/esp/esp-idf/components/freertos/config/xtensa/include -I/home/atli/esp/esp-idf/components/freertos/FreeRTOS-Kernel/include -I/home/atli/esp/esp-idf/components/freertos/FreeRTOS-Kernel/portable/xtensa/include -I/home/atli/esp/esp-idf/components/freertos/FreeRTOS-Kernel/portable/xtensa/include/freertos -I/home/atli/esp/esp-idf/components/freertos/esp_additions/include -I/home/atli/esp/esp-idf/components/esp_hw_support/include -I/home/atli/esp/esp-idf/components/esp_hw_support/include/soc -I/home/atli/esp/esp-idf/components/esp_hw_support/include/soc/esp32 -I/home/atli/esp/esp-idf/components/esp_hw_support/dma/include -I/home/atli/esp/esp-idf/components/esp_hw_support/ldo/include -I/home/atli/esp/esp-idf/components/esp_hw_support/debug_probe/include -I/home/atli/esp/esp-idf/components/esp_hw_support/mspi_timing_tuning/include -I/home/atli/esp/esp-idf/components/esp_hw_support/mspi_timing_tuning/tuning_scheme_impl/include -I/home/atli/esp/esp-idf/components/esp_hw_support/power_supply/include -I/home/atli/esp/esp-idf/components/esp_hw_support/port/esp32/. -I/home/atli/esp/esp-idf/components/esp_hw_support/port/esp32/include -I/home/atli/esp/esp-idf/components/heap/include -I/home/atli/esp/esp-idf/components/heap/tlsf -I/home/atli/esp/esp-idf/components/log/include -I/home/atli/esp/esp-idf/components/soc/include -I/home/atli/esp/esp-idf/components/soc/esp32 -I/home/atli/esp/esp-idf/components/soc/esp32/include -I/home/atli/esp/esp-idf/components/soc/esp32/register -I/home/atli/esp/esp-idf/components/hal/platform_port/include -I/home/atli/esp/esp-idf/components/hal/esp32/include -I/home/atli/esp/esp-idf/components/hal/include -I/home/atli/esp/esp-idf/components/esp_rom/include -I/home/atli/esp/esp-idf/components/esp_rom/esp32/include -I/home/atli/esp/esp-idf/components/esp_rom/esp32/include/esp32 -I/home/atli/esp/esp-idf/components/esp_rom/esp32 -I/home/atli/esp/esp-idf/components/esp_common/include -I/home/atli/esp/esp-idf/components/esp_system/include -I/home/atli/esp/esp-idf/components/esp_system/port/soc -I/home/atli/esp/esp-idf/components/esp_system/port/include/private -I/home/atli/esp/esp-idf/components/xtensa/esp32/include -I/home/atli/esp/esp-idf/components/xtensa/include -I/home/atli/esp/esp-idf/components/xtensa/deprecated_include -I/home/atli/esp/esp-idf/components/lwip/include -I/home/atli/esp/esp-idf/components/lwip/include/apps -I/home/atli/esp/esp-idf/components/lwip/include/apps/sntp -I/home/atli/esp/esp-idf/components/lwip/lwip/src/include -I/home/atli/esp/esp-idf/components/lwip/port/include -I/home/atli/esp/esp-idf/components/lwip/port/freertos/include -I/home/atli/esp/esp-idf/components/lwip/port/esp32xx/include -I/home/atli/esp/esp-idf/components/lwip/port/esp32xx/include/arch -I/home/atli/esp/esp-idf/components/lwip/port/esp32xx/include/sys -I/home/atli/esp/esp-idf/components/driver/deprecated -I/home/atli/esp/esp-idf/components/driver/i2c/include -I/home/atli/esp/esp-idf/components/driver/touch_sensor/include -I/home/atli/esp/esp-idf/components/driver/twai/include -I/home/atli/esp/esp-idf/components/driver/touch_sensor/esp32/include -I/home/atli/esp/esp-idf/components/esp_pm/include -I/home/atli/esp/esp-idf/components/esp_ringbuf/include -I/home/atli/esp/esp-idf/components/esp_driver_gpio/include -I/home/atli/esp/esp-idf/components/esp_driver_pcnt/include -I/home/atli/esp/esp-idf/components/esp_driver_gptimer/include -I/home/atli/esp/esp-idf/components/esp_driver_spi/include -I/home/atli/esp/esp-idf/components/esp_driver_mcpwm/include -I/home/atli/esp/esp-idf/components/esp_driver_ana_cmpr/include -I/home/atli/esp/esp-idf/components/esp_driver_i2s/include -I/home/atli/esp/esp-idf/components/esp_driver_sdmmc/include -I/home/atli/esp/esp-idf/components/sdmmc/include -I/home/atli/esp/esp-idf/components/esp_driver_sdspi/include -I/home/atli/esp/esp-idf/components/esp_driver_sdio/include -I/home/atli/esp/esp-idf/components/esp_driver_dac/include -I/home/atli/esp/esp-idf/components/esp_driver_rmt/include -I/home/atli/esp/esp-idf/components/esp_driver_tsens/include -I/home/atli/esp/esp-idf/components/esp_driver_sdm/include -I/home/atli/esp/esp-idf/components/esp_driver_i2c/include -I/home/atli/esp/esp-idf/components/esp_driver_uart/include -I/home/atli/esp/esp-idf/components/vfs/include -I/home/atli/esp/esp-idf/components/esp_driver_ledc/include -I/home/atli/esp/esp-idf/components/esp_driver_parlio/include -I/home/atli/esp/esp-idf/components/esp_driver_usb_serial_jtag/include -I/home/atli/esp/esp-idf/components/esp_driver_twai/include -I/home/atli/Documents/Esp32/Esp32_main/components/sht31/include -I/home/atli/Documents/Esp32/Esp32_main/components/bmp280/include -I/home/atli/esp/esp-idf/components/esp_timer/include -mlongcalls -Wno-frame-address  -fno-builtin-memcpy -fno-builtin-memset -fno-builtin-bzero -fno-builtin-stpcpy -fno-builtin-strncpy -fdiagnostics-color=always -ffunction-sections -fdata-sections -Wall -Werror=all -Wno-error=unused-function -Wno-error=unused-variable -Wno-error=unused-but-set-variable -Wno-error=deprecated-declarations -Wextra -Wno-error=extra -Wno-unused-parameter -Wno-sign-compare -Wno-enum-conversion -gdwarf-4 -ggdb -Og -fno-shrink-wrap -fmacro-prefix-map=/home/atli/Documents/Esp32/Esp32_main=. -fmacro-prefix-map=/home/atli/esp/esp-idf=/IDF -fstrict-volatile-bitfields -fno-jump-tables -fno-tree-switch-conversion -std=gnu17 -Wno-old-style-declaration -MD -MT esp-idf/sensor_manager/CMakeFiles/__idf_sensor_manager.dir/sensor_manager.c.obj -MF esp-idf/sensor_manager/CMakeFiles/__idf_sensor_manager.dir/sensor_manager.c.obj.d -o esp-idf/sensor_manager/CMakeFiles/__idf_sensor_manager.dir/sensor_manager.c.obj -c /home/atli/Documents/Esp32/Esp32_main/components/sensor_manager/sensor_manager.c
/home/atli/Documents/Esp32/Esp32_main/components/sensor_manager/sensor_manager.c:284:5: error: expected identifier or '(' before 'switch'
  284 |     switch (sensor) {
      |     ^~~~~~
In file included from /home/atli/esp/esp-idf/components/freertos/esp_additions/include/freertos/idf_additions.h:22,
                 from /home/atli/esp/esp-idf/components/freertos/FreeRTOS-Kernel/include/freertos/FreeRTOS.h:1533,
                 from /home/atli/Documents/Esp32/Esp32_main/components/sensor_manager/include/sensor_manager.h:5,
                 from /home/atli/Documents/Esp32/Esp32_main/components/sensor_manager/sensor_manager.c:1:
/home/atli/esp/esp-idf/components/freertos/FreeRTOS-Kernel/include/freertos/semphr.h:428:60: error: expected declaration specifiers or '...' before '(' token
  428 | #define xSemaphoreGive( xSemaphore )    xQueueGenericSend( ( QueueHandle_t ) ( xSemaphore ), NULL, semGIVE_BLOCK_TIME, queueSEND_TO_BACK )
      |                                                            ^
/home/atli/Documents/Esp32/Esp32_main/components/sensor_manager/sensor_manager.c:305:5: note: in expansion of macro 'xSemaphoreGive'
  305 |     xSemaphoreGive(manager.data_mutex);
      |     ^~~~~~~~~~~~~~
In file included from /home/atli/.espressif/tools/xtensa-esp-elf/esp-14.2.0_20241119/xtensa-esp-elf/xtensa-esp-elf/include/string.h:17,
                 from /home/atli/esp/esp-idf/components/log/include/esp_log_args.h:10,
                 from /home/atli/esp/esp-idf/components/log/include/esp_log.h:21,
                 from /home/atli/Documents/Esp32/Esp32_main/components/sensor_manager/sensor_manager.c:5:
/home/atli/esp/esp-idf/components/freertos/FreeRTOS-Kernel/include/freertos/semphr.h:428:94: error: expected declaration specifiers or '...' before '(' token
  428 | #define xSemaphoreGive( xSemaphore )    xQueueGenericSend( ( QueueHandle_t ) ( xSemaphore ), NULL, semGIVE_BLOCK_TIME, queueSEND_TO_BACK )
      |                                                                                              ^~~~
/home/atli/Documents/Esp32/Esp32_main/components/sensor_manager/sensor_manager.c:305:5: note: in expansion of macro 'xSemaphoreGive'
  305 |     xSemaphoreGive(manager.data_mutex);
      |     ^~~~~~~~~~~~~~
/home/atli/esp/esp-idf/components/freertos/FreeRTOS-Kernel/include/freertos/semphr.h:46:45: error: expected declaration specifiers or '...' before '(' token
   46 | #define semGIVE_BLOCK_TIME                  ( ( TickType_t ) 0U )
      |                                             ^
/home/atli/esp/esp-idf/components/freertos/FreeRTOS-Kernel/include/freertos/semphr.h:428:100: note: in expansion of macro 'semGIVE_BLOCK_TIME'
  428 | #define xSemaphoreGive( xSemaphore )    xQueueGenericSend( ( QueueHandle_t ) ( xSemaphore ), NULL, semGIVE_BLOCK_TIME, queueSEND_TO_BACK )
      |                                                                                                    ^~~~~~~~~~~~~~~~~~
/home/atli/Documents/Esp32/Esp32_main/components/sensor_manager/sensor_manager.c:305:5: note: in expansion of macro 'xSemaphoreGive'
  305 |     xSemaphoreGive(manager.data_mutex);
      |     ^~~~~~~~~~~~~~
In file included from /home/atli/esp/esp-idf/components/freertos/esp_additions/include/freertos/idf_additions.h:21:
/home/atli/esp/esp-idf/components/freertos/FreeRTOS-Kernel/include/freertos/queue.h:74:47: error: expected declaration specifiers or '...' before '(' token
   74 | #define queueSEND_TO_BACK                     ( ( BaseType_t ) 0 )
      |                                               ^
/home/atli/esp/esp-idf/components/freertos/FreeRTOS-Kernel/include/freertos/semphr.h:428:120: note: in expansion of macro 'queueSEND_TO_BACK'
  428 | #define xSemaphoreGive( xSemaphore )    xQueueGenericSend( ( QueueHandle_t ) ( xSemaphore ), NULL, semGIVE_BLOCK_TIME, queueSEND_TO_BACK )
      |                                                                                                                        ^~~~~~~~~~~~~~~~~
/home/atli/Documents/Esp32/Esp32_main/components/sensor_manager/sensor_manager.c:305:5: note: in expansion of macro 'xSemaphoreGive'
  305 |     xSemaphoreGive(manager.data_mutex);
      |     ^~~~~~~~~~~~~~
/home/atli/Documents/Esp32/Esp32_main/components/sensor_manager/sensor_manager.c:306:5: error: expected identifier or '(' before 'return'
  306 |     return ESP_ERR_NOT_FOUND;
      |     ^~~~~~
/home/atli/Documents/Esp32/Esp32_main/components/sensor_manager/sensor_manager.c:307:1: error: expected identifier or '(' before '}' token
  307 | }
      | ^
ninja: build stopped: subcommand failed.
