Command: ninja flash
[1/10] Performing build step for 'bootloader'
[1/1] cd /home/atli/Documents/Esp32/Esp32_main/build/bootloader/esp-idf/esptool_py && /home/atli/.espressif/python_env/idf5.5_py3.12_env/bin/python /home/atli/esp/esp-idf/components/partition_table/check_sizes.py --offset 0x8000 bootloader 0x1000 /home/atli/Documents/Esp32/Esp32_main/build/bootloader/bootloader.bin
Bootloader binary size 0x6680 bytes. 0x980 bytes (8%) free.
[2/10] No install step for 'bootloader'
[3/10] Completed 'bootloader'
[4/10] Building C object esp-idf/main/CMakeFiles/__idf_main.dir/main.c.obj
FAILED: esp-idf/main/CMakeFiles/__idf_main.dir/main.c.obj 
/home/atli/.espressif/tools/xtensa-esp-elf/esp-14.2.0_20241119/xtensa-esp-elf/bin/xtensa-esp32-elf-gcc -DESP_PLATFORM -DIDF_VER=\"v5.5-dirty\" -DSOC_MMU_PAGE_SIZE=CONFIG_MMU_PAGE_SIZE -DSOC_XTAL_FREQ_MHZ=CONFIG_XTAL_FREQ -D_GLIBCXX_HAVE_POSIX_SEMAPHORE -D_GLIBCXX_USE_POSIX_SEMAPHORE -D_GNU_SOURCE -D_POSIX_READER_WRITER_LOCKS -I/home/atli/Documents/Esp32/Esp32_main/build/config -I/home/atli/Documents/Esp32/Esp32_main/main -I/home/atli/esp/esp-idf/components/newlib/platform_include -I/home/atli/esp/esp-idf/components/freertos/config/include -I/home/atli/esp/esp-idf/components/freertos/config/include/freertos -I/home/atli/esp/esp-idf/components/freertos/config/xtensa/include -I/home/atli/esp/esp-idf/components/freertos/FreeRTOS-Kernel/include -I/home/atli/esp/esp-idf/components/freertos/FreeRTOS-Kernel/portable/xtensa/include -I/home/atli/esp/esp-idf/components/freertos/FreeRTOS-Kernel/portable/xtensa/include/freertos -I/home/atli/esp/esp-idf/components/freertos/esp_additions/include -I/home/atli/esp/esp-idf/components/esp_hw_support/include -I/home/atli/esp/esp-idf/components/esp_hw_support/include/soc -I/home/atli/esp/esp-idf/components/esp_hw_support/include/soc/esp32 -I/home/atli/esp/esp-idf/components/esp_hw_support/dma/include -I/home/atli/esp/esp-idf/components/esp_hw_support/ldo/include -I/home/atli/esp/esp-idf/components/esp_hw_support/debug_probe/include -I/home/atli/esp/esp-idf/components/esp_hw_support/mspi_timing_tuning/include -I/home/atli/esp/esp-idf/components/esp_hw_support/mspi_timing_tuning/tuning_scheme_impl/include -I/home/atli/esp/esp-idf/components/esp_hw_support/power_supply/include -I/home/atli/esp/esp-idf/components/esp_hw_support/port/esp32/. -I/home/atli/esp/esp-idf/components/esp_hw_support/port/esp32/include -I/home/atli/esp/esp-idf/components/heap/include -I/home/atli/esp/esp-idf/components/heap/tlsf -I/home/atli/esp/esp-idf/components/log/include -I/home/atli/esp/esp-idf/components/soc/include -I/home/atli/esp/esp-idf/components/soc/esp32 -I/home/atli/esp/esp-idf/components/soc/esp32/include -I/home/atli/esp/esp-idf/components/soc/esp32/register -I/home/atli/esp/esp-idf/components/hal/platform_port/include -I/home/atli/esp/esp-idf/components/hal/esp32/include -I/home/atli/esp/esp-idf/components/hal/include -I/home/atli/esp/esp-idf/components/esp_rom/include -I/home/atli/esp/esp-idf/components/esp_rom/esp32/include -I/home/atli/esp/esp-idf/components/esp_rom/esp32/include/esp32 -I/home/atli/esp/esp-idf/components/esp_rom/esp32 -I/home/atli/esp/esp-idf/components/esp_common/include -I/home/atli/esp/esp-idf/components/esp_system/include -I/home/atli/esp/esp-idf/components/esp_system/port/soc -I/home/atli/esp/esp-idf/components/esp_system/port/include/private -I/home/atli/esp/esp-idf/components/xtensa/esp32/include -I/home/atli/esp/esp-idf/components/xtensa/include -I/home/atli/esp/esp-idf/components/xtensa/deprecated_include -I/home/atli/esp/esp-idf/components/lwip/include -I/home/atli/esp/esp-idf/components/lwip/include/apps -I/home/atli/esp/esp-idf/components/lwip/include/apps/sntp -I/home/atli/esp/esp-idf/components/lwip/lwip/src/include -I/home/atli/esp/esp-idf/components/lwip/port/include -I/home/atli/esp/esp-idf/components/lwip/port/freertos/include -I/home/atli/esp/esp-idf/components/lwip/port/esp32xx/include -I/home/atli/esp/esp-idf/components/lwip/port/esp32xx/include/arch -I/home/atli/esp/esp-idf/components/lwip/port/esp32xx/include/sys -I/home/atli/Documents/Esp32/Esp32_main/components/sensor_manager/include -I/home/atli/esp/esp-idf/components/driver/deprecated -I/home/atli/esp/esp-idf/components/driver/i2c/include -I/home/atli/esp/esp-idf/components/driver/touch_sensor/include -I/home/atli/esp/esp-idf/components/driver/twai/include -I/home/atli/esp/esp-idf/components/driver/touch_sensor/esp32/include -I/home/atli/esp/esp-idf/components/esp_pm/include -I/home/atli/esp/esp-idf/components/esp_ringbuf/include -I/home/atli/esp/esp-idf/components/esp_driver_gpio/include -I/home/atli/esp/esp-idf/components/esp_driver_pcnt/include -I/home/atli/esp/esp-idf/components/esp_driver_gptimer/include -I/home/atli/esp/esp-idf/components/esp_driver_spi/include -I/home/atli/esp/esp-idf/components/esp_driver_mcpwm/include -I/home/atli/esp/esp-idf/components/esp_driver_ana_cmpr/include -I/home/atli/esp/esp-idf/components/esp_driver_i2s/include -I/home/atli/esp/esp-idf/components/esp_driver_sdmmc/include -I/home/atli/esp/esp-idf/components/sdmmc/include -I/home/atli/esp/esp-idf/components/esp_driver_sdspi/include -I/home/atli/esp/esp-idf/components/esp_driver_sdio/include -I/home/atli/esp/esp-idf/components/esp_driver_dac/include -I/home/atli/esp/esp-idf/components/esp_driver_rmt/include -I/home/atli/esp/esp-idf/components/esp_driver_tsens/include -I/home/atli/esp/esp-idf/components/esp_driver_sdm/include -I/home/atli/esp/esp-idf/components/esp_driver_i2c/include -I/home/atli/esp/esp-idf/components/esp_driver_uart/include -I/home/atli/esp/esp-idf/components/vfs/include -I/home/atli/esp/esp-idf/components/esp_driver_ledc/include -I/home/atli/esp/esp-idf/components/esp_driver_parlio/include -I/home/atli/esp/esp-idf/components/esp_driver_usb_serial_jtag/include -I/home/atli/esp/esp-idf/components/esp_driver_twai/include -I/home/atli/Documents/Esp32/Esp32_main/components/sht31/include -I/home/atli/Documents/Esp32/Esp32_main/components/bmp280/include -I/home/atli/Documents/Esp32/Esp32_main/components/wifi_manager/include -I/home/atli/esp/esp-idf/components/nvs_flash/include -I/home/atli/esp/esp-idf/components/esp_partition/include -I/home/atli/esp/esp-idf/components/esp_wifi/include -I/home/atli/esp/esp-idf/components/esp_wifi/include/local -I/home/atli/esp/esp-idf/components/esp_wifi/wifi_apps/include -I/home/atli/esp/esp-idf/components/esp_wifi/wifi_apps/nan_app/include -I/home/atli/esp/esp-idf/components/esp_event/include -I/home/atli/esp/esp-idf/components/esp_phy/include -I/home/atli/esp/esp-idf/components/esp_phy/esp32/include -I/home/atli/esp/esp-idf/components/esp_netif/include -I/home/atli/esp/esp-idf/components/esp_timer/include -I/home/atli/Documents/Esp32/Esp32_main/components/http_client/include -I/home/atli/esp/esp-idf/components/esp_http_client/include -I/home/atli/esp/esp-idf/components/json/cJSON -mlongcalls -Wno-frame-address  -fno-builtin-memcpy -fno-builtin-memset -fno-builtin-bzero -fno-builtin-stpcpy -fno-builtin-strncpy -fdiagnostics-color=always -ffunction-sections -fdata-sections -Wall -Werror=all -Wno-error=unused-function -Wno-error=unused-variable -Wno-error=unused-but-set-variable -Wno-error=deprecated-declarations -Wextra -Wno-error=extra -Wno-unused-parameter -Wno-sign-compare -Wno-enum-conversion -gdwarf-4 -ggdb -Og -fno-shrink-wrap -fmacro-prefix-map=/home/atli/Documents/Esp32/Esp32_main=. -fmacro-prefix-map=/home/atli/esp/esp-idf=/IDF -fstrict-volatile-bitfields -fno-jump-tables -fno-tree-switch-conversion -std=gnu17 -Wno-old-style-declaration -MD -MT esp-idf/main/CMakeFiles/__idf_main.dir/main.c.obj -MF esp-idf/main/CMakeFiles/__idf_main.dir/main.c.obj.d -o esp-idf/main/CMakeFiles/__idf_main.dir/main.c.obj -c /home/atli/Documents/Esp32/Esp32_main/main/main.c
/home/atli/Documents/Esp32/Esp32_main/main/main.c: In function 'debug_control_task':
/home/atli/Documents/Esp32/Esp32_main/main/main.c:259:25: error: implicit declaration of function 'print_sensor_data_compact'; did you mean 'print_sensor_data'? [-Wimplicit-function-declaration]
  259 |                         print_sensor_data_compact();
      |                         ^~~~~~~~~~~~~~~~~~~~~~~~~
      |                         print_sensor_data
/home/atli/Documents/Esp32/Esp32_main/main/main.c:295:21: error: implicit declaration of function 'print_sensor_status_enhanced'; did you mean 'print_sensor_status'? [-Wimplicit-function-declaration]
  295 |                     print_sensor_status_enhanced();
      |                     ^~~~~~~~~~~~~~~~~~~~~~~~~~~~
      |                     print_sensor_status
/home/atli/Documents/Esp32/Esp32_main/main/main.c:310:21: error: implicit declaration of function 'validate_sensor_readings' [-Wimplicit-function-declaration]
  310 |                     validate_sensor_readings();
      |                     ^~~~~~~~~~~~~~~~~~~~~~~~
/home/atli/Documents/Esp32/Esp32_main/main/main.c:315:21: error: implicit declaration of function 'print_wifi_diagnostics' [-Wimplicit-function-declaration]
  315 |                     print_wifi_diagnostics();
      |                     ^~~~~~~~~~~~~~~~~~~~~~
/home/atli/Documents/Esp32/Esp32_main/main/main.c:361:21: error: implicit declaration of function 'print_network_diagnostics' [-Wimplicit-function-declaration]
  361 |                     print_network_diagnostics();
      |                     ^~~~~~~~~~~~~~~~~~~~~~~~~
/home/atli/Documents/Esp32/Esp32_main/main/main.c:366:21: error: implicit declaration of function 'print_system_health'; did you mean 'print_system_status'? [-Wimplicit-function-declaration]
  366 |                     print_system_health();
      |                     ^~~~~~~~~~~~~~~~~~~
      |                     print_system_status
/home/atli/Documents/Esp32/Esp32_main/main/main.c:371:21: error: implicit declaration of function 'print_memory_usage' [-Wimplicit-function-declaration]
  371 |                     print_memory_usage();
      |                     ^~~~~~~~~~~~~~~~~~
/home/atli/Documents/Esp32/Esp32_main/main/main.c:376:21: error: implicit declaration of function 'print_performance_stats' [-Wimplicit-function-declaration]
  376 |                     print_performance_stats();
      |                     ^~~~~~~~~~~~~~~~~~~~~~~
/home/atli/Documents/Esp32/Esp32_main/main/main.c:379:17: error: duplicate case value
  379 |                 case 'R':
      |                 ^~~~
/home/atli/Documents/Esp32/Esp32_main/main/main.c:235:17: note: previously used here
  235 |                 case 'R':
      |                 ^~~~
/home/atli/Documents/Esp32/Esp32_main/main/main.c: At top level:
/home/atli/Documents/Esp32/Esp32_main/main/main.c:407:13: warning: conflicting types for 'print_sensor_data_compact'; have 'void(void)'
  407 | static void print_sensor_data_compact(void) {
      |             ^~~~~~~~~~~~~~~~~~~~~~~~~
/home/atli/Documents/Esp32/Esp32_main/main/main.c:407:13: error: static declaration of 'print_sensor_data_compact' follows non-static declaration
/home/atli/Documents/Esp32/Esp32_main/main/main.c:259:25: note: previous implicit declaration of 'print_sensor_data_compact' with type 'void(void)'
  259 |                         print_sensor_data_compact();
      |                         ^~~~~~~~~~~~~~~~~~~~~~~~~
/home/atli/Documents/Esp32/Esp32_main/main/main.c:428:13: warning: conflicting types for 'print_sensor_status_enhanced'; have 'void(void)'
  428 | static void print_sensor_status_enhanced(void) {
      |             ^~~~~~~~~~~~~~~~~~~~~~~~~~~~
/home/atli/Documents/Esp32/Esp32_main/main/main.c:428:13: error: static declaration of 'print_sensor_status_enhanced' follows non-static declaration
/home/atli/Documents/Esp32/Esp32_main/main/main.c:295:21: note: previous implicit declaration of 'print_sensor_status_enhanced' with type 'void(void)'
  295 |                     print_sensor_status_enhanced();
      |                     ^~~~~~~~~~~~~~~~~~~~~~~~~~~~
/home/atli/Documents/Esp32/Esp32_main/main/main.c:460:13: warning: conflicting types for 'validate_sensor_readings'; have 'void(void)'
  460 | static void validate_sensor_readings(void) {
      |             ^~~~~~~~~~~~~~~~~~~~~~~~
/home/atli/Documents/Esp32/Esp32_main/main/main.c:460:13: error: static declaration of 'validate_sensor_readings' follows non-static declaration
/home/atli/Documents/Esp32/Esp32_main/main/main.c:310:21: note: previous implicit declaration of 'validate_sensor_readings' with type 'void(void)'
  310 |                     validate_sensor_readings();
      |                     ^~~~~~~~~~~~~~~~~~~~~~~~
/home/atli/Documents/Esp32/Esp32_main/main/main.c:517:13: warning: conflicting types for 'print_wifi_diagnostics'; have 'void(void)'
  517 | static void print_wifi_diagnostics(void) {
      |             ^~~~~~~~~~~~~~~~~~~~~~
/home/atli/Documents/Esp32/Esp32_main/main/main.c:517:13: error: static declaration of 'print_wifi_diagnostics' follows non-static declaration
/home/atli/Documents/Esp32/Esp32_main/main/main.c:315:21: note: previous implicit declaration of 'print_wifi_diagnostics' with type 'void(void)'
  315 |                     print_wifi_diagnostics();
      |                     ^~~~~~~~~~~~~~~~~~~~~~
/home/atli/Documents/Esp32/Esp32_main/main/main.c:530:13: warning: conflicting types for 'print_network_diagnostics'; have 'void(void)'
  530 | static void print_network_diagnostics(void) {
      |             ^~~~~~~~~~~~~~~~~~~~~~~~~
/home/atli/Documents/Esp32/Esp32_main/main/main.c:530:13: error: static declaration of 'print_network_diagnostics' follows non-static declaration
/home/atli/Documents/Esp32/Esp32_main/main/main.c:361:21: note: previous implicit declaration of 'print_network_diagnostics' with type 'void(void)'
  361 |                     print_network_diagnostics();
      |                     ^~~~~~~~~~~~~~~~~~~~~~~~~
/home/atli/Documents/Esp32/Esp32_main/main/main.c:545:13: warning: conflicting types for 'print_system_health'; have 'void(void)'
  545 | static void print_system_health(void) {
      |             ^~~~~~~~~~~~~~~~~~~
/home/atli/Documents/Esp32/Esp32_main/main/main.c:545:13: error: static declaration of 'print_system_health' follows non-static declaration
/home/atli/Documents/Esp32/Esp32_main/main/main.c:366:21: note: previous implicit declaration of 'print_system_health' with type 'void(void)'
  366 |                     print_system_health();
      |                     ^~~~~~~~~~~~~~~~~~~
/home/atli/Documents/Esp32/Esp32_main/main/main.c:565:13: warning: conflicting types for 'print_memory_usage'; have 'void(void)'
  565 | static void print_memory_usage(void) {
      |             ^~~~~~~~~~~~~~~~~~
/home/atli/Documents/Esp32/Esp32_main/main/main.c:565:13: error: static declaration of 'print_memory_usage' follows non-static declaration
/home/atli/Documents/Esp32/Esp32_main/main/main.c:371:21: note: previous implicit declaration of 'print_memory_usage' with type 'void(void)'
  371 |                     print_memory_usage();
      |                     ^~~~~~~~~~~~~~~~~~
/home/atli/Documents/Esp32/Esp32_main/main/main.c: In function 'print_memory_usage':
/home/atli/Documents/Esp32/Esp32_main/main/main.c:569:35: error: format '%lu' expects argument of type 'long unsigned int', but argument 2 has type 'size_t' {aka 'unsigned int'} [-Werror=format=]
  569 |     printf("Largest Free Block: %lu bytes\n", heap_caps_get_largest_free_block(MALLOC_CAP_DEFAULT));
      |                                 ~~^           ~~~~~~~~~~~~~~~~~~~~~~~~~~~~~~~~~~~~~~~~~~~~~~~~~~~~
      |                                   |           |
      |                                   |           size_t {aka unsigned int}
      |                                   long unsigned int
      |                                 %u
/home/atli/Documents/Esp32/Esp32_main/main/main.c: At top level:
/home/atli/Documents/Esp32/Esp32_main/main/main.c:574:13: warning: conflicting types for 'print_performance_stats'; have 'void(void)'
  574 | static void print_performance_stats(void) {
      |             ^~~~~~~~~~~~~~~~~~~~~~~
/home/atli/Documents/Esp32/Esp32_main/main/main.c:574:13: error: static declaration of 'print_performance_stats' follows non-static declaration
/home/atli/Documents/Esp32/Esp32_main/main/main.c:376:21: note: previous implicit declaration of 'print_performance_stats' with type 'void(void)'
  376 |                     print_performance_stats();
      |                     ^~~~~~~~~~~~~~~~~~~~~~~
/home/atli/Documents/Esp32/Esp32_main/main/main.c: In function 'print_performance_stats':
/home/atli/Documents/Esp32/Esp32_main/main/main.c:577:40: error: implicit declaration of function 'rtc_clk_cpu_freq_value'; did you mean 'rtc_clk_freq_cal'? [-Wimplicit-function-declaration]
  577 |     printf("CPU Frequency: %lu MHz\n", rtc_clk_cpu_freq_value(rtc_clk_cpu_freq_get()) / 1000000);
      |                                        ^~~~~~~~~~~~~~~~~~~~~~
      |                                        rtc_clk_freq_cal
/home/atli/Documents/Esp32/Esp32_main/main/main.c:577:63: error: implicit declaration of function 'rtc_clk_cpu_freq_get'; did you mean 'rtc_clk_apb_freq_get'? [-Wimplicit-function-declaration]
  577 |     printf("CPU Frequency: %lu MHz\n", rtc_clk_cpu_freq_value(rtc_clk_cpu_freq_get()) / 1000000);
      |                                                               ^~~~~~~~~~~~~~~~~~~~
      |                                                               rtc_clk_apb_freq_get
/home/atli/Documents/Esp32/Esp32_main/main/main.c:577:30: error: format '%lu' expects argument of type 'long unsigned int', but argument 2 has type 'int' [-Werror=format=]
  577 |     printf("CPU Frequency: %lu MHz\n", rtc_clk_cpu_freq_value(rtc_clk_cpu_freq_get()) / 1000000);
      |                            ~~^         ~~~~~~~~~~~~~~~~~~~~~~~~~~~~~~~~~~~~~~~~~~~~~~~~~~~~~~~~
      |                              |                                                        |
      |                              long unsigned int                                        int
      |                            %u
/home/atli/Documents/Esp32/Esp32_main/main/main.c: In function 'app_main':
/home/atli/Documents/Esp32/Esp32_main/main/main.c:633:13: error: invalid storage class for function 'print_sensor_data_compact'
  633 | static void print_sensor_data_compact(void);
      |             ^~~~~~~~~~~~~~~~~~~~~~~~~
/home/atli/Documents/Esp32/Esp32_main/main/main.c:634:13: error: invalid storage class for function 'print_sensor_status_enhanced'
  634 | static void print_sensor_status_enhanced(void);
      |             ^~~~~~~~~~~~~~~~~~~~~~~~~~~~
/home/atli/Documents/Esp32/Esp32_main/main/main.c:635:13: error: invalid storage class for function 'validate_sensor_readings'
  635 | static void validate_sensor_readings(void);
      |             ^~~~~~~~~~~~~~~~~~~~~~~~
/home/atli/Documents/Esp32/Esp32_main/main/main.c:636:13: error: invalid storage class for function 'print_wifi_diagnostics'
  636 | static void print_wifi_diagnostics(void);
      |             ^~~~~~~~~~~~~~~~~~~~~~
/home/atli/Documents/Esp32/Esp32_main/main/main.c:637:13: error: invalid storage class for function 'print_network_diagnostics'
  637 | static void print_network_diagnostics(void);
      |             ^~~~~~~~~~~~~~~~~~~~~~~~~
/home/atli/Documents/Esp32/Esp32_main/main/main.c:638:13: error: invalid storage class for function 'print_system_health'
  638 | static void print_system_health(void);
      |             ^~~~~~~~~~~~~~~~~~~
/home/atli/Documents/Esp32/Esp32_main/main/main.c:639:13: error: invalid storage class for function 'print_memory_usage'
  639 | static void print_memory_usage(void);
      |             ^~~~~~~~~~~~~~~~~~
/home/atli/Documents/Esp32/Esp32_main/main/main.c:640:13: error: invalid storage class for function 'print_performance_stats'
  640 | static void print_performance_stats(void);
      |             ^~~~~~~~~~~~~~~~~~~~~~~
/home/atli/Documents/Esp32/Esp32_main/main/main.c:644:13: error: invalid storage class for function 'debug_control_task'
  644 | static void debug_control_task(void *pvParameters) {
      |             ^~~~~~~~~~~~~~~~~~
/home/atli/Documents/Esp32/Esp32_main/main/main.c:850:13: error: invalid storage class for function 'print_sensor_data_compact'
  850 | static void print_sensor_data_compact(void) {
      |             ^~~~~~~~~~~~~~~~~~~~~~~~~
/home/atli/Documents/Esp32/Esp32_main/main/main.c:870:13: error: invalid storage class for function 'print_sensor_status_enhanced'
  870 | static void print_sensor_status_enhanced(void) {
      |             ^~~~~~~~~~~~~~~~~~~~~~~~~~~~
/home/atli/Documents/Esp32/Esp32_main/main/main.c:901:13: error: invalid storage class for function 'validate_sensor_readings'
  901 | static void validate_sensor_readings(void) {
      |             ^~~~~~~~~~~~~~~~~~~~~~~~
/home/atli/Documents/Esp32/Esp32_main/main/main.c:953:13: error: invalid storage class for function 'print_wifi_diagnostics'
  953 | static void print_wifi_diagnostics(void) {
      |             ^~~~~~~~~~~~~~~~~~~~~~
/home/atli/Documents/Esp32/Esp32_main/main/main.c:964:13: error: invalid storage class for function 'print_network_diagnostics'
  964 | static void print_network_diagnostics(void) {
      |             ^~~~~~~~~~~~~~~~~~~~~~~~~
/home/atli/Documents/Esp32/Esp32_main/main/main.c:978:13: error: invalid storage class for function 'print_system_health'
  978 | static void print_system_health(void) {
      |             ^~~~~~~~~~~~~~~~~~~
/home/atli/Documents/Esp32/Esp32_main/main/main.c:997:13: error: invalid storage class for function 'print_memory_usage'
  997 | static void print_memory_usage(void) {
      |             ^~~~~~~~~~~~~~~~~~
/home/atli/Documents/Esp32/Esp32_main/main/main.c:1005:13: error: invalid storage class for function 'print_performance_stats'
 1005 | static void print_performance_stats(void) {
      |             ^~~~~~~~~~~~~~~~~~~~~~~
/home/atli/Documents/Esp32/Esp32_main/main/main.c:1017:1: error: expected declaration or statement at end of input
 1017 | }
      | ^
/home/atli/Documents/Esp32/Esp32_main/main/main.c: At top level:
/home/atli/Documents/Esp32/Esp32_main/main/main.c:1005:13: warning: 'print_performance_stats' defined but not used [-Wunused-function]
 1005 | static void print_performance_stats(void) {
      |             ^~~~~~~~~~~~~~~~~~~~~~~
/home/atli/Documents/Esp32/Esp32_main/main/main.c:997:13: warning: 'print_memory_usage' defined but not used [-Wunused-function]
  997 | static void print_memory_usage(void) {
      |             ^~~~~~~~~~~~~~~~~~
/home/atli/Documents/Esp32/Esp32_main/main/main.c:978:13: warning: 'print_system_health' defined but not used [-Wunused-function]
  978 | static void print_system_health(void) {
      |             ^~~~~~~~~~~~~~~~~~~
/home/atli/Documents/Esp32/Esp32_main/main/main.c:964:13: warning: 'print_network_diagnostics' defined but not used [-Wunused-function]
  964 | static void print_network_diagnostics(void) {
      |             ^~~~~~~~~~~~~~~~~~~~~~~~~
/home/atli/Documents/Esp32/Esp32_main/main/main.c:953:13: warning: 'print_wifi_diagnostics' defined but not used [-Wunused-function]
  953 | static void print_wifi_diagnostics(void) {
      |             ^~~~~~~~~~~~~~~~~~~~~~
/home/atli/Documents/Esp32/Esp32_main/main/main.c:901:13: warning: 'validate_sensor_readings' defined but not used [-Wunused-function]
  901 | static void validate_sensor_readings(void) {
      |             ^~~~~~~~~~~~~~~~~~~~~~~~
/home/atli/Documents/Esp32/Esp32_main/main/main.c:870:13: warning: 'print_sensor_status_enhanced' defined but not used [-Wunused-function]
  870 | static void print_sensor_status_enhanced(void) {
      |             ^~~~~~~~~~~~~~~~~~~~~~~~~~~~
/home/atli/Documents/Esp32/Esp32_main/main/main.c:850:13: warning: 'print_sensor_data_compact' defined but not used [-Wunused-function]
  850 | static void print_sensor_data_compact(void) {
      |             ^~~~~~~~~~~~~~~~~~~~~~~~~
/home/atli/Documents/Esp32/Esp32_main/main/main.c:644:13: warning: 'debug_control_task' defined but not used [-Wunused-function]
  644 | static void debug_control_task(void *pvParameters) {
      |             ^~~~~~~~~~~~~~~~~~
/home/atli/Documents/Esp32/Esp32_main/main/main.c:618:13: warning: 'wifi_event_handler' defined but not used [-Wunused-function]
  618 | static void wifi_event_handler(void* arg, esp_event_base_t event_base,
      |             ^~~~~~~~~~~~~~~~~~
/home/atli/Documents/Esp32/Esp32_main/main/main.c:590:13: warning: 'http_send_task' defined but not used [-Wunused-function]
  590 | static void http_send_task(void *pvParameters) {
      |             ^~~~~~~~~~~~~~
/home/atli/Documents/Esp32/Esp32_main/main/main.c:189:13: warning: 'debug_control_task' defined but not used [-Wunused-function]
  189 | static void debug_control_task(void *pvParameters) {
      |             ^~~~~~~~~~~~~~~~~~
/home/atli/Documents/Esp32/Esp32_main/main/main.c:164:13: warning: 'print_system_status' defined but not used [-Wunused-function]
  164 | static void print_system_status(void) {
      |             ^~~~~~~~~~~~~~~~~~~
/home/atli/Documents/Esp32/Esp32_main/main/main.c:98:13: warning: 'print_sensor_status' defined but not used [-Wunused-function]
   98 | static void print_sensor_status(void) {
      |             ^~~~~~~~~~~~~~~~~~~
cc1: some warnings being treated as errors
ninja: build stopped: subcommand failed.
